\BOOKMARK [1][-]{section*.2}{\376\377\000C\000o\000n\000v\000e\000n\000t\000i\000o\000n\000a\000l\000\040\000g\000l\000o\000s\000s\000a\000r\000y\000\040\000o\000f\000\040\000t\000e\000r\000m\000s}{}% 1
\BOOKMARK [1][-]{section*.3}{\376\377\000A\000b\000s\000t\000r\000a\000c\000t}{}% 2
\BOOKMARK [1][-]{section*.4}{\376\377\000S\000u\000m\000m\000a\000r\000y}{}% 3
\BOOKMARK [1][-]{section*.5}{\376\377\000I\000n\000t\000r\000o\000d\000u\000c\000t\000i\000o\000n}{}% 4
\BOOKMARK [1][-]{section.1}{\376\377\000C\000i\000r\000c\000l\000e\000\040\000m\000a\000d\000e\000\040\000f\000r\000o\000m\000\040\000c\000o\000n\000t\000r\000o\000l\000\040\000p\000o\000i\000n\000t\000s}{}% 5
\BOOKMARK [2][-]{subsection.1.1}{\376\377\000C\000r\000e\000a\000t\000i\000n\000g\000\040\000c\000u\000r\000v\000e\000s\000\040\000w\000i\000t\000h\000\040\000p\000o\000i\000n\000t\000s\000\040\000i\000n\000\040\000i\000n\000p\000u\000t}{section.1}% 6
\BOOKMARK [2][-]{subsection.1.2}{\376\377\000C\000r\000e\000a\000t\000i\000n\000g\000\040\000a\000r\000c\000s\000\040\000o\000f\000\040\000c\000i\000r\000c\000l\000e}{section.1}% 7
\BOOKMARK [2][-]{subsection.1.3}{\376\377\000b\000u\000i\000l\000d\000i\000n\000g\000\040\000a\000\040\000r\000o\000a\000d\000\040\000w\000i\000t\000h\000\040\000n\000o\000\040\000s\000t\000r\000a\000i\000g\000h\000t\000\040\000l\000i\000n\000e\000s}{section.1}% 8
\BOOKMARK [1][-]{section.2}{\376\377\000R\000o\000a\000d\000\040\000c\000o\000n\000s\000t\000r\000u\000c\000t\000o\000r\000s}{}% 9
\BOOKMARK [2][-]{subsection.2.1}{\376\377\000R\000o\000a\000d\000\040\000c\000o\000n\000s\000t\000r\000u\000c\000t\000o\000r\000\040\000\050\000f\000i\000r\000s\000t\000\040\000a\000p\000p\000r\000o\000a\000c\000h\000\051\000\040\000:\000\040\000c\000i\000r\000c\000l\000e\000s\000\040\000o\000f\000\040\000t\000u\000r\000n\000s\000\040\000i\000n\000\040\000i\000n\000p\000u\000t}{section.2}% 10
\BOOKMARK [3][-]{subsubsection.2.1.1}{\376\377\000T\000a\000n\000g\000e\000n\000t\000s\000\040\000a\000s\000\040\000s\000t\000r\000a\000i\000g\000h\000t\000\040\000s\000e\000c\000t\000i\000o\000n\000s\000\040\000o\000f\000\040\000r\000o\000a\000d\000s}{subsection.2.1}% 11
\BOOKMARK [3][-]{subsubsection.2.1.2}{\376\377\000A\000r\000c\000s\000\040\000o\000f\000\040\000c\000i\000r\000c\000l\000e\000\040\000a\000s\000\040\000c\000u\000r\000v\000e\000\040\000s\000e\000c\000t\000i\000o\000n\000s\000\040\000o\000f\000\040\000r\000o\000a\000d\000s}{subsection.2.1}% 12
\BOOKMARK [3][-]{subsubsection.2.1.3}{\376\377\000t\000u\000r\000n\000i\000n\000g\000\040\000i\000n\000\040\000b\000o\000t\000h\000\040\000d\000i\000r\000e\000c\000t\000i\000o\000n\000\040\000:\000\040\000i\000n\000n\000e\000r\000-\000o\000u\000t\000e\000r\000\040\000t\000a\000n\000g\000e\000n\000t\000s}{subsection.2.1}% 13
\BOOKMARK [2][-]{subsection.2.2}{\376\377\000r\000o\000a\000d\000\040\000c\000o\000n\000s\000t\000r\000u\000c\000t\000o\000r\000\040\000\050\000s\000e\000c\000o\000n\000d\000\040\000a\000p\000p\000r\000o\000a\000c\000h\000\051\000\040\000:\000\040\000a\000n\000g\000l\000e\000s\000\040\000a\000n\000d\000\040\000l\000e\000n\000g\000t\000h\000s\000\040\000a\000s\000\040\000i\000n\000p\000u\000t\000s\000\040}{section.2}% 14
\BOOKMARK [3][-]{subsubsection.2.2.1}{\376\377\000f\000r\000o\000m\000\040\000t\000h\000e\000\040\000s\000t\000a\000r\000t\000i\000n\000g\000\040\000p\000o\000i\000n\000t\000\040\000t\000o\000\040\000t\000h\000e\000\040\000f\000i\000r\000s\000t\000\040\000t\000u\000r\000n}{subsection.2.2}% 15
\BOOKMARK [3][-]{subsubsection.2.2.2}{\376\377\000f\000r\000o\000m\000\040\000t\000h\000e\000\040\000f\000i\000r\000s\000t\000\040\000t\000u\000r\000n\000\040\000t\000o\000\040\000t\000h\000e\000\040\000n\000e\000x\000t\000\040\000o\000n\000e\000,\000\040\000r\000e\000s\000u\000l\000t}{subsection.2.2}% 16
\BOOKMARK [1][-]{section.3}{\376\377\000R\000e\000t\000r\000o\000-\000e\000n\000g\000i\000n\000e\000e\000r\000i\000n\000g\000\040\000o\000f\000\040\000r\000o\000a\000d\000s}{}% 17
\BOOKMARK [2][-]{subsection.3.1}{\376\377\000s\000a\000m\000p\000l\000i\000n\000g\000\040\000r\000o\000a\000d\000s}{section.3}% 18
\BOOKMARK [2][-]{subsection.3.2}{\376\377\000d\000e\000t\000e\000c\000t\000i\000o\000n\000\040\000o\000f\000\040\000s\000t\000r\000a\000i\000g\000h\000t\000\040\000l\000i\000n\000e\000s\000\040\000:\000\040\000l\000i\000n\000e\000a\000r\000\040\000r\000e\000g\000r\000e\000s\000s\000i\000o\000n\000\040\000m\000e\000t\000h\000o\000d}{section.3}% 19
\BOOKMARK [2][-]{subsection.3.3}{\376\377\000d\000e\000t\000e\000c\000t\000i\000o\000n\000\040\000o\000f\000\040\000t\000u\000r\000n\000s\000\040\000:\000\040\000c\000l\000u\000s\000t\000e\000r\000i\000n\000g\000\040\000o\000f\000\040\000c\000u\000r\000v\000a\000t\000u\000r\000e\000s}{section.3}% 20
\BOOKMARK [1][-]{section*.17}{\376\377\000C\000o\000n\000c\000l\000u\000s\000i\000o\000n\000s\000\040\000a\000n\000d\000\040\000R\000e\000c\000o\000m\000m\000e\000n\000d\000a\000t\000i\000o\000n\000s}{}% 21
\BOOKMARK [1][-]{section*.18}{\376\377\000R\000o\000a\000d\000m\000a\000p\000\040\000a\000n\000d\000\040\000f\000u\000t\000u\000r\000e\000\040\000w\000o\000r\000k}{}% 22
\BOOKMARK [1][-]{section*.19}{\376\377\000R\000e\000f\000e\000r\000e\000n\000c\000e\000s}{}% 23
\BOOKMARK [1][-]{section*.20}{\376\377\000A\000p\000p\000e\000n\000d\000i\000c\000e\000s}{}% 24
\BOOKMARK [1][-]{appendix.1.A}{\376\377\000B\000i\000b\000l\000i\000o\000g\000r\000a\000p\000h\000y}{}% 25
